  Ecosystem.cpp
Ecosystem.obj : error LNK2019: nierozpoznany symbol zewnętrzny "__declspec(dllimport) public: __cdecl sf::String::String(char const *,class std::locale const &)" (__imp_??0String@sf@@QEAA@PEBDAEBVlocale@std@@@Z) przywołany w funkcji main
Ecosystem.obj : error LNK2019: nierozpoznany symbol zewnętrzny "__declspec(dllimport) public: __cdecl sf::String::~String(void)" (__imp_??1String@sf@@QEAA@XZ) przywołany w funkcji main
Ecosystem.obj : error LNK2019: nierozpoznany symbol zewnętrzny "__declspec(dllimport) public: __cdecl sf::VideoMode::VideoMode(unsigned int,unsigned int,unsigned int)" (__imp_??0VideoMode@sf@@QEAA@III@Z) przywołany w funkcji main
Ecosystem.obj : error LNK2019: nierozpoznany symbol zewnętrzny "__declspec(dllimport) public: bool __cdecl sf::WindowBase::isOpen(void)const " (__imp_?isOpen@WindowBase@sf@@QEBA_NXZ) przywołany w funkcji main
Ecosystem.obj : error LNK2019: nierozpoznany symbol zewnętrzny "__declspec(dllimport) public: bool __cdecl sf::WindowBase::pollEvent(class sf::Event &)" (__imp_?pollEvent@WindowBase@sf@@QEAA_NAEAVEvent@2@@Z) przywołany w funkcji main
Ecosystem.obj : error LNK2019: nierozpoznany symbol zewnętrzny "__declspec(dllimport) public: virtual void __cdecl sf::Window::close(void)" (__imp_?close@Window@sf@@UEAAXXZ) przywołany w funkcji main
Ecosystem.obj : error LNK2019: nierozpoznany symbol zewnętrzny "__declspec(dllimport) public: void __cdecl sf::Window::display(void)" (__imp_?display@Window@sf@@QEAAXXZ) przywołany w funkcji "void __cdecl Draw(class sf::RenderWindow *)" (?Draw@@YAXPEAVRenderWindow@sf@@@Z)
Ecosystem.obj : error LNK2019: nierozpoznany symbol zewnętrzny "__declspec(dllimport) public: __cdecl sf::Color::Color(unsigned char,unsigned char,unsigned char,unsigned char)" (__imp_??0Color@sf@@QEAA@EEEE@Z) przywołany w funkcji "void __cdecl Draw(class sf::RenderWindow *)" (?Draw@@YAXPEAVRenderWindow@sf@@@Z)
Ecosystem.obj : error LNK2019: nierozpoznany symbol zewnętrzny "__declspec(dllimport) public: void __cdecl sf::Shape::setFillColor(class sf::Color const &)" (__imp_?setFillColor@Shape@sf@@QEAAXAEBVColor@2@@Z) przywołany w funkcji main
Ecosystem.obj : error LNK2019: nierozpoznany symbol zewnętrzny "__declspec(dllimport) public: __cdecl sf::CircleShape::CircleShape(float,unsigned __int64)" (__imp_??0CircleShape@sf@@QEAA@M_K@Z) przywołany w funkcji "void __cdecl `dynamic initializer for 'shape''(void)" (??__Eshape@@YAXXZ)
Ecosystem.obj : error LNK2019: nierozpoznany symbol zewnętrzny "__declspec(dllimport) public: virtual __cdecl sf::CircleShape::~CircleShape(void)" (__imp_??1CircleShape@sf@@UEAA@XZ) przywołany w funkcji "void __cdecl `dynamic atexit destructor for 'shape''(void)" (??__Fshape@@YAXXZ)
Ecosystem.obj : error LNK2019: nierozpoznany symbol zewnętrzny "__declspec(dllimport) public: void __cdecl sf::RenderTarget::clear(class sf::Color const &)" (__imp_?clear@RenderTarget@sf@@QEAAXAEBVColor@2@@Z) przywołany w funkcji "void __cdecl Draw(class sf::RenderWindow *)" (?Draw@@YAXPEAVRenderWindow@sf@@@Z)
Ecosystem.obj : error LNK2019: nierozpoznany symbol zewnętrzny "__declspec(dllimport) public: void __cdecl sf::RenderTarget::draw(class sf::Drawable const &,class sf::RenderStates const &)" (__imp_?draw@RenderTarget@sf@@QEAAXAEBVDrawable@2@AEBVRenderStates@2@@Z) przywołany w funkcji "void __cdecl Draw(class sf::RenderWindow *)" (?Draw@@YAXPEAVRenderWindow@sf@@@Z)
Ecosystem.obj : error LNK2019: nierozpoznany symbol zewnętrzny "__declspec(dllimport) public: __cdecl sf::RenderWindow::RenderWindow(class sf::VideoMode,class sf::String const &,unsigned int,struct sf::ContextSettings const &)" (__imp_??0RenderWindow@sf@@QEAA@VVideoMode@1@AEBVString@1@IAEBUContextSettings@1@@Z) przywołany w funkcji main
Ecosystem.obj : error LNK2019: nierozpoznany symbol zewnętrzny "__declspec(dllimport) public: virtual __cdecl sf::RenderWindow::~RenderWindow(void)" (__imp_??1RenderWindow@sf@@UEAA@XZ) przywołany w funkcji main
Ecosystem.obj : error LNK2019: nierozpoznany symbol zewnętrzny "__declspec(dllimport) public: static class sf::RenderStates const sf::RenderStates::Default" (__imp_?Default@RenderStates@sf@@2V12@B) przywołany w funkcji "void __cdecl Draw(class sf::RenderWindow *)" (?Draw@@YAXPEAVRenderWindow@sf@@@Z)
Ecosystem.obj : error LNK2019: nierozpoznany symbol zewnętrzny "__declspec(dllimport) public: static class sf::Color const sf::Color::Green" (__imp_?Green@Color@sf@@2V12@B) przywołany w funkcji main
C:\Programowanie\SFML\Ecosystem-Simulation\\SFML\lib\sfml-graphics.lib : warning LNK4272: wystąpił konflikt typu maszyny biblioteki „x86” z typem maszyny docelowej „x64”
C:\Programowanie\SFML\Ecosystem-Simulation\\SFML\lib\sfml-window.lib : warning LNK4272: wystąpił konflikt typu maszyny biblioteki „x86” z typem maszyny docelowej „x64”
C:\Programowanie\SFML\Ecosystem-Simulation\\SFML\lib\sfml-system.lib : warning LNK4272: wystąpił konflikt typu maszyny biblioteki „x86” z typem maszyny docelowej „x64”
C:\Programowanie\SFML\Ecosystem-Simulation\x64\Debug\Ecosystem.exe : fatal error LNK1120: liczba nierozpoznanych elementów zewnętrznych: 17
